# JRE version: Java(TM) SE Runtime Environment (8.0_241-b07) (build 1.8.0_241-b07)
# Java VM: Java HotSpot(TM) 64-Bit Server VM (25.241-b07 mixed mode windows-amd64 compressed oops)
Heap:
 PSYoungGen      total 205312K, used 140135K [0x00000000d5f00000, 0x00000000e6300000, 0x0000000100000000)
  eden space 189440K, 72% used [0x00000000d5f00000,0x00000000de4c8168,0x00000000e1800000)
  from space 15872K, 19% used [0x00000000e2a80000,0x00000000e2d91bc8,0x00000000e3a00000)
  to   space 18944K, 0% used [0x00000000e1800000,0x00000000e1800000,0x00000000e2a80000)
 ParOldGen       total 129536K, used 28066K [0x0000000081c00000, 0x0000000089a80000, 0x00000000d5f00000)
  object space 129536K, 21% used [0x0000000081c00000,0x00000000837688f0,0x0000000089a80000)
 Metaspace       used 59602K, capacity 62400K, committed 62616K, reserved 1103872K
  class space    used 7858K, capacity 8313K, committed 8360K, reserved 1048576K
GC Heap History (10 events):
Event: 12.272 GC heap before
{Heap before GC invocations=11 (full 2):
 PSYoungGen      total 167936K, used 156672K [0x00000000d5f00000, 0x00000000e3780000, 0x0000000100000000)
  eden space 156672K, 100% used [0x00000000d5f00000,0x00000000df800000,0x00000000df800000)
  from space 11264K, 0% used [0x00000000e0500000,0x00000000e0500000,0x00000000e1000000)
  to   space 13312K, 0% used [0x00000000df800000,0x00000000df800000,0x00000000e0500000)
 ParOldGen       total 92672K, used 17413K [0x0000000081c00000, 0x0000000087680000, 0x00000000d5f00000)
  object space 92672K, 18% used [0x0000000081c00000,0x0000000082d01408,0x0000000087680000)
 Metaspace       used 41746K, capacity 43742K, committed 43944K, reserved 1087488K
  class space    used 5574K, capacity 5931K, committed 6056K, reserved 1048576K
Event: 12.299 GC heap after
Heap after GC invocations=11 (full 2):
 PSYoungGen      total 169984K, used 12421K [0x00000000d5f00000, 0x00000000e3c00000, 0x0000000100000000)
  eden space 156672K, 0% used [0x00000000d5f00000,0x00000000d5f00000,0x00000000df800000)
  from space 13312K, 93% used [0x00000000df800000,0x00000000e0421750,0x00000000e0500000)
  to   space 14336K, 0% used [0x00000000e2e00000,0x00000000e2e00000,0x00000000e3c00000)
 ParOldGen       total 92672K, used 17421K [0x0000000081c00000, 0x0000000087680000, 0x00000000d5f00000)
  object space 92672K, 18% used [0x0000000081c00000,0x0000000082d03408,0x0000000087680000)
 Metaspace       used 41746K, capacity 43742K, committed 43944K, reserved 1087488K
  class space    used 5574K, capacity 5931K, committed 6056K, reserved 1048576K
}
Event: 24.515 GC heap before
{Heap before GC invocations=12 (full 2):
 PSYoungGen      total 169984K, used 169093K [0x00000000d5f00000, 0x00000000e3c00000, 0x0000000100000000)
  eden space 156672K, 100% used [0x00000000d5f00000,0x00000000df800000,0x00000000df800000)
  from space 13312K, 93% used [0x00000000df800000,0x00000000e0421750,0x00000000e0500000)
  to   space 14336K, 0% used [0x00000000e2e00000,0x00000000e2e00000,0x00000000e3c00000)
 ParOldGen       total 92672K, used 17421K [0x0000000081c00000, 0x0000000087680000, 0x00000000d5f00000)
  object space 92672K, 18% used [0x0000000081c00000,0x0000000082d03408,0x0000000087680000)
 Metaspace       used 51291K, capacity 53800K, committed 54056K, reserved 1095680K
  class space    used 7023K, capacity 7436K, committed 7464K, reserved 1048576K
Event: 24.557 GC heap after
Heap after GC invocations=12 (full 2):
 PSYoungGen      total 207360K, used 14316K [0x00000000d5f00000, 0x00000000e3d80000, 0x0000000100000000)
  eden space 193024K, 0% used [0x00000000d5f00000,0x00000000d5f00000,0x00000000e1b80000)
  from space 14336K, 99% used [0x00000000e2e00000,0x00000000e3bfb2d0,0x00000000e3c00000)
  to   space 17408K, 0% used [0x00000000e1b80000,0x00000000e1b80000,0x00000000e2c80000)
 ParOldGen       total 92672K, used 21168K [0x0000000081c00000, 0x0000000087680000, 0x00000000d5f00000)
  object space 92672K, 22% used [0x0000000081c00000,0x00000000830ac080,0x0000000087680000)
 Metaspace       used 51291K, capacity 53800K, committed 54056K, reserved 1095680K
  class space    used 7023K, capacity 7436K, committed 7464K, reserved 1048576K
}
Event: 1079.996 GC heap before
{Heap before GC invocations=13 (full 2):
 PSYoungGen      total 207360K, used 136488K [0x00000000d5f00000, 0x00000000e3d80000, 0x0000000100000000)
  eden space 193024K, 63% used [0x00000000d5f00000,0x00000000dd64f100,0x00000000e1b80000)
  from space 14336K, 99% used [0x00000000e2e00000,0x00000000e3bfb2d0,0x00000000e3c00000)
  to   space 17408K, 0% used [0x00000000e1b80000,0x00000000e1b80000,0x00000000e2c80000)
 ParOldGen       total 92672K, used 21168K [0x0000000081c00000, 0x0000000087680000, 0x00000000d5f00000)
  object space 92672K, 22% used [0x0000000081c00000,0x00000000830ac080,0x0000000087680000)
 Metaspace       used 56173K, capacity 58945K, committed 59160K, reserved 1099776K
  class space    used 7508K, capacity 7976K, committed 7976K, reserved 1048576K
Event: 1080.333 GC heap after
Heap after GC invocations=13 (full 2):
 PSYoungGen      total 201728K, used 15291K [0x00000000d5f00000, 0x00000000e3a00000, 0x0000000100000000)
  eden space 186368K, 0% used [0x00000000d5f00000,0x00000000d5f00000,0x00000000e1500000)
  from space 15360K, 99% used [0x00000000e1b80000,0x00000000e2a6ef48,0x00000000e2a80000)
  to   space 15872K, 0% used [0x00000000e2a80000,0x00000000e2a80000,0x00000000e3a00000)
 ParOldGen       total 92672K, used 21176K [0x0000000081c00000, 0x0000000087680000, 0x00000000d5f00000)
  object space 92672K, 22% used [0x0000000081c00000,0x00000000830ae080,0x0000000087680000)
 Metaspace       used 56173K, capacity 58945K, committed 59160K, reserved 1099776K
  class space    used 7508K, capacity 7976K, committed 7976K, reserved 1048576K
}
Event: 1080.336 GC heap before
{Heap before GC invocations=14 (full 3):
 PSYoungGen      total 201728K, used 15291K [0x00000000d5f00000, 0x00000000e3a00000, 0x0000000100000000)
  eden space 186368K, 0% used [0x00000000d5f00000,0x00000000d5f00000,0x00000000e1500000)
  from space 15360K, 99% used [0x00000000e1b80000,0x00000000e2a6ef48,0x00000000e2a80000)
  to   space 15872K, 0% used [0x00000000e2a80000,0x00000000e2a80000,0x00000000e3a00000)
 ParOldGen       total 92672K, used 21176K [0x0000000081c00000, 0x0000000087680000, 0x00000000d5f00000)
  object space 92672K, 22% used [0x0000000081c00000,0x00000000830ae080,0x0000000087680000)
 Metaspace       used 56173K, capacity 58945K, committed 59160K, reserved 1099776K
  class space    used 7508K, capacity 7976K, committed 7976K, reserved 1048576K
Event: 1081.102 GC heap after
Heap after GC invocations=14 (full 3):
 PSYoungGen      total 201728K, used 0K [0x00000000d5f00000, 0x00000000e3a00000, 0x0000000100000000)
  eden space 186368K, 0% used [0x00000000d5f00000,0x00000000d5f00000,0x00000000e1500000)
  from space 15360K, 0% used [0x00000000e1b80000,0x00000000e1b80000,0x00000000e2a80000)
  to   space 15872K, 0% used [0x00000000e2a80000,0x00000000e2a80000,0x00000000e3a00000)
 ParOldGen       total 129536K, used 28058K [0x0000000081c00000, 0x0000000089a80000, 0x00000000d5f00000)
  object space 129536K, 21% used [0x0000000081c00000,0x00000000837668f0,0x0000000089a80000)
 Metaspace       used 56173K, capacity 58945K, committed 59160K, reserved 1099776K
  class space    used 7508K, capacity 7976K, committed 7976K, reserved 1048576K
}
Event: 4884.277 GC heap before
{Heap before GC invocations=15 (full 3):
 PSYoungGen      total 201728K, used 186368K [0x00000000d5f00000, 0x00000000e3a00000, 0x0000000100000000)
  eden space 186368K, 100% used [0x00000000d5f00000,0x00000000e1500000,0x00000000e1500000)
  from space 15360K, 0% used [0x00000000e1b80000,0x00000000e1b80000,0x00000000e2a80000)
  to   space 15872K, 0% used [0x00000000e2a80000,0x00000000e2a80000,0x00000000e3a00000)
 ParOldGen       total 129536K, used 28058K [0x0000000081c00000, 0x0000000089a80000, 0x00000000d5f00000)
  object space 129536K, 21% used [0x0000000081c00000,0x00000000837668f0,0x0000000089a80000)
 Metaspace       used 59426K, capacity 62258K, committed 62360K, reserved 1103872K
  class space    used 7857K, capacity 8312K, committed 8360K, reserved 1048576K
Event: 4897.154 GC heap after
Heap after GC invocations=15 (full 3):
 PSYoungGen      total 205312K, used 3142K [0x00000000d5f00000, 0x00000000e6300000, 0x0000000100000000)
  eden space 189440K, 0% used [0x00000000d5f00000,0x00000000d5f00000,0x00000000e1800000)
  from space 15872K, 19% used [0x00000000e2a80000,0x00000000e2d91bc8,0x00000000e3a00000)
  to   space 18944K, 0% used [0x00000000e1800000,0x00000000e1800000,0x00000000e2a80000)
 ParOldGen       total 129536K, used 28066K [0x0000000081c00000, 0x0000000089a80000, 0x00000000d5f00000)
  object space 129536K, 21% used [0x0000000081c00000,0x00000000837688f0,0x0000000089a80000)
 Metaspace       used 59426K, capacity 62258K, committed 62360K, reserved 1103872K
  class space    used 7857K, capacity 8312K, committed 8360K, reserved 1048576K
}

